C:\USERS\JAWAD SALEEM\DESKTOP\MELP_E1200_DUAL_2\MELP_E1200\DEBUG\AES256.OBJ
C:\Users\Jawad Saleem\Desktop\melp_e1200_dual_2\melp_e1200\Debug\cl.command.1.tlog
C:\Users\Jawad Saleem\Desktop\melp_e1200_dual_2\melp_e1200\Debug\CL.read.1.tlog
C:\Users\Jawad Saleem\Desktop\melp_e1200_dual_2\melp_e1200\Debug\CL.write.1.tlog
C:\USERS\JAWAD SALEEM\DESKTOP\MELP_E1200_DUAL_2\MELP_E1200\DEBUG\CLASSIFY.OBJ
C:\USERS\JAWAD SALEEM\DESKTOP\MELP_E1200_DUAL_2\MELP_E1200\DEBUG\COEFF.OBJ
C:\USERS\JAWAD SALEEM\DESKTOP\MELP_E1200_DUAL_2\MELP_E1200\DEBUG\DSP_SUB.OBJ
C:\USERS\JAWAD SALEEM\DESKTOP\MELP_E1200_DUAL_2\MELP_E1200\DEBUG\FEC_CODE.OBJ
C:\USERS\JAWAD SALEEM\DESKTOP\MELP_E1200_DUAL_2\MELP_E1200\DEBUG\FFT_LIB.OBJ
C:\USERS\JAWAD SALEEM\DESKTOP\MELP_E1200_DUAL_2\MELP_E1200\DEBUG\FS_LIB.OBJ
C:\USERS\JAWAD SALEEM\DESKTOP\MELP_E1200_DUAL_2\MELP_E1200\DEBUG\FSVQ_CB.OBJ
C:\USERS\JAWAD SALEEM\DESKTOP\MELP_E1200_DUAL_2\MELP_E1200\DEBUG\GLOBAL.OBJ
C:\USERS\JAWAD SALEEM\DESKTOP\MELP_E1200_DUAL_2\MELP_E1200\DEBUG\HARM.OBJ
C:\USERS\JAWAD SALEEM\DESKTOP\MELP_E1200_DUAL_2\MELP_E1200\DEBUG\IMD_RD_WR.OBJ
C:\Users\Jawad Saleem\Desktop\melp_e1200_dual_2\melp_e1200\Debug\link.command.1.tlog
C:\Users\Jawad Saleem\Desktop\melp_e1200_dual_2\melp_e1200\Debug\link.read.1.tlog
C:\Users\Jawad Saleem\Desktop\melp_e1200_dual_2\melp_e1200\Debug\link.write.1.tlog
C:\USERS\JAWAD SALEEM\DESKTOP\MELP_E1200_DUAL_2\MELP_E1200\DEBUG\LPC_LIB.OBJ
C:\USERS\JAWAD SALEEM\DESKTOP\MELP_E1200_DUAL_2\MELP_E1200\DEBUG\MAIN.OBJ
C:\USERS\JAWAD SALEEM\DESKTOP\MELP_E1200_DUAL_2\MELP_E1200\DEBUG\MAIN_AES_SER.OBJ
C:\USERS\JAWAD SALEEM\DESKTOP\MELP_E1200_DUAL_2\MELP_E1200\DEBUG\MAT_LIB.OBJ
C:\USERS\JAWAD SALEEM\DESKTOP\MELP_E1200_DUAL_2\MELP_E1200\DEBUG\MATH_LIB.OBJ
C:\USERS\JAWAD SALEEM\DESKTOP\MELP_E1200_DUAL_2\MELP_E1200\DEBUG\MATHDP31.OBJ
C:\USERS\JAWAD SALEEM\DESKTOP\MELP_E1200_DUAL_2\MELP_E1200\DEBUG\MATHHALF.OBJ
C:\USERS\JAWAD SALEEM\DESKTOP\MELP_E1200_DUAL_2\MELP_E1200\DEBUG\MELP_ANA.OBJ
C:\USERS\JAWAD SALEEM\DESKTOP\MELP_E1200_DUAL_2\MELP_E1200\DEBUG\MELP_CHN.OBJ
C:\Users\Jawad Saleem\Desktop\melp_e1200_dual_2\melp_e1200\Debug\melp_e1200.exe.embed.manifest
C:\USERS\JAWAD SALEEM\DESKTOP\MELP_E1200_DUAL_2\MELP_E1200\DEBUG\MELP_E1200.EXE.EMBED.MANIFEST.RES
C:\Users\Jawad Saleem\Desktop\melp_e1200_dual_2\melp_e1200\Debug\melp_e1200.vcxprojResolveAssemblyReference.cache
C:\Users\Jawad Saleem\Desktop\melp_e1200_dual_2\melp_e1200\Debug\melp_e1200.write.1.tlog
C:\Users\Jawad Saleem\Desktop\melp_e1200_dual_2\melp_e1200\Debug\melp_e1200_manifest.rc
C:\USERS\JAWAD SALEEM\DESKTOP\MELP_E1200_DUAL_2\MELP_E1200\DEBUG\MELP_SUB.OBJ
C:\USERS\JAWAD SALEEM\DESKTOP\MELP_E1200_DUAL_2\MELP_E1200\DEBUG\MELP_SYN.OBJ
C:\USERS\JAWAD SALEEM\DESKTOP\MELP_E1200_DUAL_2\MELP_E1200\DEBUG\MELPE.OBJ
C:\USERS\JAWAD SALEEM\DESKTOP\MELP_E1200_DUAL_2\MELP_E1200\DEBUG\MSVQ_CB.OBJ
C:\USERS\JAWAD SALEEM\DESKTOP\MELP_E1200_DUAL_2\MELP_E1200\DEBUG\NPP.OBJ
C:\USERS\JAWAD SALEEM\DESKTOP\MELP_E1200_DUAL_2\MELP_E1200\DEBUG\PIT_LIB.OBJ
C:\USERS\JAWAD SALEEM\DESKTOP\MELP_E1200_DUAL_2\MELP_E1200\DEBUG\PITCH.OBJ
C:\USERS\JAWAD SALEEM\DESKTOP\MELP_E1200_DUAL_2\MELP_E1200\DEBUG\POSTFILT.OBJ
C:\USERS\JAWAD SALEEM\DESKTOP\MELP_E1200_DUAL_2\MELP_E1200\DEBUG\QNT12.OBJ
C:\USERS\JAWAD SALEEM\DESKTOP\MELP_E1200_DUAL_2\MELP_E1200\DEBUG\QNT12_CB.OBJ
C:\Users\Jawad Saleem\Desktop\melp_e1200_dual_2\melp_e1200\Debug\rc.command.1.tlog
C:\Users\Jawad Saleem\Desktop\melp_e1200_dual_2\melp_e1200\Debug\rc.read.1.tlog
C:\Users\Jawad Saleem\Desktop\melp_e1200_dual_2\melp_e1200\Debug\rc.write.1.tlog
C:\Users\Jawad Saleem\Desktop\melp_e1200_dual_2\melp_e1200\Debug\vc100.idb
C:\USERS\JAWAD SALEEM\DESKTOP\MELP_E1200_DUAL_2\MELP_E1200\DEBUG\VC100.PDB
C:\USERS\JAWAD SALEEM\DESKTOP\MELP_E1200_DUAL_2\MELP_E1200\DEBUG\VQ_LIB.OBJ
